0 info it worked if it ends with ok
1 verbose cli [ 'C:\\Program Files\\nodejs\\node.exe',
1 verbose cli   'C:\\Users\\16092927\\AppData\\Roaming\\npm\\node_modules\\npm\\bin\\npm-cli.js',
1 verbose cli   'start' ]
2 info using npm@3.10.8
3 info using node@v10.15.0
4 verbose run-script [ 'prestart', 'start', 'poststart' ]
5 info lifecycle polyglot@0.0.0~prestart: polyglot@0.0.0
6 silly lifecycle polyglot@0.0.0~prestart: no script for prestart, continuing
7 info lifecycle polyglot@0.0.0~start: polyglot@0.0.0
8 verbose lifecycle polyglot@0.0.0~start: unsafe-perm in lifecycle true
9 verbose lifecycle polyglot@0.0.0~start: PATH: C:\Users\16092927\AppData\Roaming\npm\node_modules\.npm_npminstall\node_modules\.3.10.8@npm\bin\node-gyp-bin;E:\test\polyglot\node_modules\.bin;C:\Python27\;C:\Python27\Scripts;e:\v8\depot_tools\;C:\Scripts\;C:\;E:\depot_tools;C:\ProgramData\Oracle\Java\javapath;C:\Windows\system32;C:\Windows;C:\Windows\System32\Wbem;C:\Windows\System32\WindowsPowerShell\v1.0\;C:\Program Files\TortoiseSVN\bin;c:\Program Files\Git\cmd;C:\Program Files (x86)\Common Files\Acronis\SnapAPI\;D:\apache-maven-3.2.1\apache-maven-3.2.1\bin;C:\Program Files (x86)\Microsoft VS Code\bin;C:\Program Files (x86)\Yarn\bin\;C:\Program Files\nodejs\;C:\Program Files\dotnet\;C:\ProgramData\chocolatey\bin;E:\PuTTY\;E:\opencv\opencv\build;C:\Python27\;C:\Program Files\Java\jdk1.8.0_77\bin;C:\Program Files (x86)\Microsoft VS Code\bin;C:\nginx-1.11.5;C:\phantomjs-2.1.1-windows\bin;C:\Users\16092927\AppData\Local\SocksCap64;C:\Program Files\MySQL\MySQL Server 5.6\bin;C:\Users\16092927\nginx-1.12.0;D:\fiddler;C:\Users\16092927\AppData\Local\Android\Sdk\platform-tools;D:\reverse\android-ndk-r16b-windows-x86_64\android-ndk-r16b;D:\reverse\android-ndk-r16b-windows-x86_64\android-ndk-r16b\toolchains\arm-linux-androideabi-4.9\prebuilt\windows-x86_64\arm-linux-androideabi\bin;D:\reverse\dex-tools-2.1-SNAPSHOT;D:\reverse\bin;C:\Users\16092927\AppData\Local\Yarn\bin;C:\Users\16092927\AppData\Roaming\npm;C:\Users\16092927\.dotnet\tools;E:\opencv\opencv\build\x64\vc15\bin
10 verbose lifecycle polyglot@0.0.0~start: CWD: E:\test\polyglot
11 silly lifecycle polyglot@0.0.0~start: Args: [ '/d /s /c', 'node ./bin/www' ]
12 verbose stack Error: kill ENOSYS
12 verbose stack     at process.kill (internal/process/per_thread.js:198:13)
12 verbose stack     at process.listener (C:\Users\16092927\AppData\Roaming\npm\node_modules\.npm_npminstall\node_modules\.3.10.8@npm\node_modules\npmlog\node_modules\gauge\node_modules\signal-exit\index.js:86:15)
12 verbose stack     at process.emit (events.js:187:15)
13 verbose cwd E:\test\polyglot
14 error Windows_NT 6.1.7601
15 error argv "C:\\Program Files\\nodejs\\node.exe" "C:\\Users\\16092927\\AppData\\Roaming\\npm\\node_modules\\npm\\bin\\npm-cli.js" "start"
16 error node v10.15.0
17 error npm  v3.10.8
18 error code ENOSYS
19 error errno ENOSYS
20 error syscall kill
21 error kill ENOSYS
22 error If you need help, you may report this error at:
22 error     <https://github.com/npm/npm/issues>
23 verbose exit [ 1, true ]
